<?xml version="1.0" encoding="UTF-8"?>
<testng-results skipped="0" failed="0" total="2" passed="2">
  <reporter-output>
  </reporter-output>
  <suite name="com.game_machine.test.UdtServerTest" duration-ms="1098" started-at="2013-04-18T20:11:11Z" finished-at="2013-04-18T20:11:12Z">
    <groups>
    </groups>
    <test name="Command line test" duration-ms="1098" started-at="2013-04-18T20:11:11Z" finished-at="2013-04-18T20:11:12Z">
      <class name="com.game_machine.test.UdtServerTest">
        <test-method status="PASS" signature="actor1()[pri:0, instance:com.game_machine.test.UdtServerTest@3b0bbdb3]" name="actor1" duration-ms="1057" started-at="2013-04-18T13:11:11Z" finished-at="2013-04-18T13:11:12Z">
          <reporter-output>
          </reporter-output>
        </test-method> <!-- actor1 -->
        <test-method status="PASS" signature="runServer()[pri:0, instance:com.game_machine.test.UdtServerTest@3b0bbdb3]" name="runServer" duration-ms="28" started-at="2013-04-18T13:11:12Z" finished-at="2013-04-18T13:11:12Z">
          <reporter-output>
          </reporter-output>
        </test-method> <!-- runServer -->
      </class> <!-- com.game_machine.test.UdtServerTest -->
    </test> <!-- Command line test -->
  </suite> <!-- com.game_machine.test.UdtServerTest -->
</testng-results>
